<?xml version="1.0" encoding="UTF-8"?>
<!-- Generated by org.testng.reporters.JUnitReportReporter -->
<testsuite hostname="devkey" failures="0" tests="1" name="com.devkey.company.ui_automation_practice.tests.Trial" time="3.049" errors="0" timestamp="2025-08-10T17:25:42 IST" skipped="0">
  <testcase classname="com.devkey.company.ui_automation_practice.tests.Trial" name="testOpenPage" time="3.049"/>
  <system-out/>
</testsuite> <!-- com.devkey.company.ui_automation_practice.tests.Trial -->
